<?xml version="1.0" encoding="UTF-8"?>
<!-- Generated by org.testng.reporters.JUnitReportReporter -->
<testsuite skipped="0" hostname="DESKTOP-848R1Q0" name="com.qa.validateAPI.ValidateWeatherAPI" tests="1" failures="0" timestamp="14 Sep 2020 09:23:13 GMT" time="4.289" errors="0">
  <testcase name="getWeatherDetails" time="4.289" classname="com.qa.validateAPI.ValidateWeatherAPI"/>
</testsuite> <!-- com.qa.validateAPI.ValidateWeatherAPI -->
