<?xml version="1.0" encoding="UTF-8"?>
<!-- Generated by org.testng.reporters.JUnitReportReporter -->
<testsuite skipped="0" hostname="DESKTOP-848R1Q0" name="com.qa.validateAPI.ValidateAPI" tests="1" failures="0" timestamp="14 Jan 2021 12:05:01 GMT" time="11.834" errors="0">
  <testcase name="getAPI" time="11.834" classname="com.qa.validateAPI.ValidateAPI"/>
</testsuite> <!-- com.qa.validateAPI.ValidateAPI -->
